[2023-03-22T09:03:38.921] [INFO] default - Request received: GET /api/v1/person at Wed Mar 22 2023 09:03:38 GMT+0100 (Centraleuropæisk normaltid) with code 200
[2023-03-22T09:04:20.080] [INFO] default - Request received: POST /api/v1/person at Wed Mar 22 2023 09:04:20 GMT+0100 (Centraleuropæisk normaltid) with code 200
[2023-03-22T09:04:53.513] [INFO] default - Request received: POST /api/v1/person at Wed Mar 22 2023 09:04:53 GMT+0100 (Centraleuropæisk normaltid) with code 200
[2023-03-22T09:05:01.654] [INFO] default - Request received: GET /api/v1/person at Wed Mar 22 2023 09:05:01 GMT+0100 (Centraleuropæisk normaltid) with code 200
[2023-03-22T09:07:17.016] [INFO] default - Request received: GET /api/v1/person?age[$gt]=23 at Wed Mar 22 2023 09:07:17 GMT+0100 (Centraleuropæisk normaltid) with code 200
[2023-03-22T09:07:50.990] [INFO] default - Request received: GET /api/v1/person?age[$gt]=23&name=Zack at Wed Mar 22 2023 09:07:50 GMT+0100 (Centraleuropæisk normaltid) with code 200
[2023-03-22T09:12:28.889] [INFO] default - Request received: GET /api/v1/person at Wed Mar 22 2023 09:12:28 GMT+0100 (Centraleuropæisk normaltid) with code 200
[2023-03-22T09:13:58.485] [INFO] default - Request received: GET /api/v1/person?age[$gt]=23 at Wed Mar 22 2023 09:13:58 GMT+0100 (Centraleuropæisk normaltid) with code 200
[2023-03-22T09:34:04.245] [INFO] default - Request received: POST /api/v1/mechanic at Wed Mar 22 2023 09:34:04 GMT+0100 (Centraleuropæisk normaltid) with code 200
[2023-03-22T09:34:16.254] [INFO] default - Request received: POST /api/v1/mechanic at Wed Mar 22 2023 09:34:16 GMT+0100 (Centraleuropæisk normaltid) with code 200
[2023-03-22T09:34:28.540] [INFO] default - Request received: GET /api/v1/mechanic at Wed Mar 22 2023 09:34:28 GMT+0100 (Centraleuropæisk normaltid) with code 200
[2023-03-22T10:55:08.483] [INFO] default - Request received: GET /api/v1/reviews at Wed Mar 22 2023 10:55:08 GMT+0100 (Centraleuropæisk normaltid) with code 200
[2023-03-22T10:55:38.624] [INFO] default - Request received: POST /api/v1/reviews at Wed Mar 22 2023 10:55:38 GMT+0100 (Centraleuropæisk normaltid) with code 200
[2023-03-22T10:57:48.290] [INFO] default - Request received: POST /api/v1/cars at Wed Mar 22 2023 10:57:48 GMT+0100 (Centraleuropæisk normaltid) with code 200
[2023-03-22T10:58:18.067] [INFO] default - Request received: GET /api/v1/cars at Wed Mar 22 2023 10:58:18 GMT+0100 (Centraleuropæisk normaltid) with code 200
[2023-03-22T11:07:55.686] [INFO] default - Request received: POST /api/v1/mechanic at Wed Mar 22 2023 11:07:55 GMT+0100 (Centraleuropæisk normaltid) with code 200
[2023-03-22T11:08:16.553] [INFO] default - Request received: GET /api/v1/mechanic at Wed Mar 22 2023 11:08:16 GMT+0100 (Centraleuropæisk normaltid) with code 200
[2023-03-22T11:09:51.189] [INFO] default - Request received: GET /api/v1/mechanic at Wed Mar 22 2023 11:09:51 GMT+0100 (Centraleuropæisk normaltid) with code 200
[2023-03-22T11:10:23.784] [INFO] default - Request received: GET /api/v1/mechanic at Wed Mar 22 2023 11:10:23 GMT+0100 (Centraleuropæisk normaltid) with code 200
[2023-03-22T11:12:30.853] [INFO] default - Request received: GET /api/v1/mechanic/641ad37ba1b27d083f495ec8 at Wed Mar 22 2023 11:12:30 GMT+0100 (Centraleuropæisk normaltid) with code 200
[2023-03-22T11:20:15.365] [INFO] default - Request received: DELETE /api/v1/mechanic/641ad37ba1b27d083f495ec8 at Wed Mar 22 2023 11:20:15 GMT+0100 (Centraleuropæisk normaltid) with code 200
[2023-03-22T11:20:31.715] [INFO] default - Request received: POST /api/v1/mechanic/641ad37ba1b27d083f495ec8 at Wed Mar 22 2023 11:20:31 GMT+0100 (Centraleuropæisk normaltid) with code 200
[2023-03-22T11:20:38.177] [INFO] default - Request received: POST /api/v1/mechanic at Wed Mar 22 2023 11:20:38 GMT+0100 (Centraleuropæisk normaltid) with code 200
[2023-03-22T11:22:12.319] [INFO] default - Request received: DELETE /api/v1/mechanic/641ad6769b2bd8645c2c60d1 at Wed Mar 22 2023 11:22:12 GMT+0100 (Centraleuropæisk normaltid) with code 200
[2023-03-22T11:22:38.959] [INFO] default - Request received: POST /api/v1/mechanic at Wed Mar 22 2023 11:22:38 GMT+0100 (Centraleuropæisk normaltid) with code 200
[2023-03-30T08:53:51.381] [INFO] default - Request received: GET / at Thu Mar 30 2023 08:53:51 GMT+0200 (Centraleuropæisk sommertid) with code 200
[2023-03-30T08:54:12.358] [INFO] default - Request received: GET /graphql at Thu Mar 30 2023 08:54:12 GMT+0200 (Centraleuropæisk sommertid) with code 200
[2023-03-30T08:58:31.906] [INFO] default - Request received: GET / at Thu Mar 30 2023 08:58:31 GMT+0200 (Centraleuropæisk sommertid) with code 200
[2023-03-30T08:58:39.840] [INFO] default - Request received: GET /graphql at Thu Mar 30 2023 08:58:39 GMT+0200 (Centraleuropæisk sommertid) with code 200
[2023-03-30T09:04:22.736] [INFO] default - Request received: GET / at Thu Mar 30 2023 09:04:22 GMT+0200 (Centraleuropæisk sommertid) with code 200
[2023-03-30T09:04:28.406] [INFO] default - Request received: GET /graphql at Thu Mar 30 2023 09:04:28 GMT+0200 (Centraleuropæisk sommertid) with code 200
[2023-03-30T09:04:37.416] [INFO] default - Request received: GET / at Thu Mar 30 2023 09:04:37 GMT+0200 (Centraleuropæisk sommertid) with code 200
[2023-03-30T09:04:57.321] [INFO] default - Request received: GET /graphql at Thu Mar 30 2023 09:04:57 GMT+0200 (Centraleuropæisk sommertid) with code 200
[2023-03-30T09:05:48.992] [INFO] default - Request received: GET /graphql at Thu Mar 30 2023 09:05:48 GMT+0200 (Centraleuropæisk sommertid) with code 200
[2023-03-30T10:18:19.773] [INFO] default - Request received: GET / at Thu Mar 30 2023 10:18:19 GMT+0200 (Centraleuropæisk sommertid) with code 200
[2023-03-30T10:18:25.544] [INFO] default - Request received: GET /graphql at Thu Mar 30 2023 10:18:25 GMT+0200 (Centraleuropæisk sommertid) with code 200
[2023-03-30T10:18:41.085] [INFO] default - Request received: OPTIONS /graphql at Thu Mar 30 2023 10:18:41 GMT+0200 (Centraleuropæisk sommertid) with code 200
[2023-03-30T10:18:41.104] [INFO] default - Request received: POST /graphql at Thu Mar 30 2023 10:18:41 GMT+0200 (Centraleuropæisk sommertid) with code 200
[2023-03-30T10:18:41.133] [INFO] default - Request received: POST /graphql at Thu Mar 30 2023 10:18:41 GMT+0200 (Centraleuropæisk sommertid) with code 200
[2023-03-30T10:18:42.135] [INFO] default - Request received: POST /graphql at Thu Mar 30 2023 10:18:42 GMT+0200 (Centraleuropæisk sommertid) with code 200
[2023-03-30T10:18:43.148] [INFO] default - Request received: POST /graphql at Thu Mar 30 2023 10:18:43 GMT+0200 (Centraleuropæisk sommertid) with code 200
[2023-03-30T10:27:21.034] [INFO] default - Request received: GET / at Thu Mar 30 2023 10:27:21 GMT+0200 (Centraleuropæisk sommertid) with code 200
[2023-03-30T10:27:32.986] [INFO] default - Request received: GET /api/v1/persons at Thu Mar 30 2023 10:27:32 GMT+0200 (Centraleuropæisk sommertid) with code 200
[2023-03-30T10:27:41.339] [INFO] default - Request received: GET /graphql at Thu Mar 30 2023 10:27:41 GMT+0200 (Centraleuropæisk sommertid) with code 200
[2023-03-30T10:27:42.781] [INFO] default - Request received: OPTIONS /graphql at Thu Mar 30 2023 10:27:42 GMT+0200 (Centraleuropæisk sommertid) with code 200
[2023-03-30T10:27:42.805] [INFO] default - Request received: POST /graphql at Thu Mar 30 2023 10:27:42 GMT+0200 (Centraleuropæisk sommertid) with code 200
[2023-03-30T10:27:43.496] [INFO] default - Request received: POST /graphql at Thu Mar 30 2023 10:27:43 GMT+0200 (Centraleuropæisk sommertid) with code 200
[2023-03-30T10:27:44.496] [INFO] default - Request received: POST /graphql at Thu Mar 30 2023 10:27:44 GMT+0200 (Centraleuropæisk sommertid) with code 200
[2023-03-30T10:27:45.510] [INFO] default - Request received: POST /graphql at Thu Mar 30 2023 10:27:45 GMT+0200 (Centraleuropæisk sommertid) with code 200
[2023-03-30T10:27:46.510] [INFO] default - Request received: POST /graphql at Thu Mar 30 2023 10:27:46 GMT+0200 (Centraleuropæisk sommertid) with code 200
[2023-03-30T10:27:47.500] [INFO] default - Request received: POST /graphql at Thu Mar 30 2023 10:27:47 GMT+0200 (Centraleuropæisk sommertid) with code 200
[2023-03-30T10:27:48.496] [INFO] default - Request received: OPTIONS /graphql at Thu Mar 30 2023 10:27:48 GMT+0200 (Centraleuropæisk sommertid) with code 200
[2023-03-30T10:27:48.498] [INFO] default - Request received: POST /graphql at Thu Mar 30 2023 10:27:48 GMT+0200 (Centraleuropæisk sommertid) with code 200
[2023-03-30T10:27:49.501] [INFO] default - Request received: POST /graphql at Thu Mar 30 2023 10:27:49 GMT+0200 (Centraleuropæisk sommertid) with code 200
[2023-03-30T10:27:50.496] [INFO] default - Request received: POST /graphql at Thu Mar 30 2023 10:27:50 GMT+0200 (Centraleuropæisk sommertid) with code 200
[2023-03-30T10:34:24.746] [INFO] default - Request received: GET / at Thu Mar 30 2023 10:34:24 GMT+0200 (Centraleuropæisk sommertid) with code 200
[2023-03-30T10:34:44.129] [INFO] default - Request received: GET /api/v1/persons at Thu Mar 30 2023 10:34:44 GMT+0200 (Centraleuropæisk sommertid) with code 200
[2023-03-30T10:51:25.271] [INFO] default - Request received: GET /graphql at Thu Mar 30 2023 10:51:25 GMT+0200 (Centraleuropæisk sommertid) with code 200
[2023-03-30T10:51:26.708] [INFO] default - Request received: OPTIONS /graphql at Thu Mar 30 2023 10:51:26 GMT+0200 (Centraleuropæisk sommertid) with code 200
[2023-03-30T10:51:26.712] [INFO] default - Request received: POST /graphql at Thu Mar 30 2023 10:51:26 GMT+0200 (Centraleuropæisk sommertid) with code 200
[2023-03-30T10:51:26.764] [INFO] default - Request received: POST /graphql at Thu Mar 30 2023 10:51:26 GMT+0200 (Centraleuropæisk sommertid) with code 200
[2023-03-30T10:51:27.762] [INFO] default - Request received: POST /graphql at Thu Mar 30 2023 10:51:27 GMT+0200 (Centraleuropæisk sommertid) with code 200
[2023-03-30T10:51:28.762] [INFO] default - Request received: POST /graphql at Thu Mar 30 2023 10:51:28 GMT+0200 (Centraleuropæisk sommertid) with code 200
[2023-03-30T10:51:29.761] [INFO] default - Request received: POST /graphql at Thu Mar 30 2023 10:51:29 GMT+0200 (Centraleuropæisk sommertid) with code 200
[2023-03-30T10:51:32.617] [INFO] default - Request received: GET /api/v1/persons at Thu Mar 30 2023 10:51:32 GMT+0200 (Centraleuropæisk sommertid) with code 200
[2023-03-30T10:51:33.057] [INFO] default - Request received: GET /api/v1/persons at Thu Mar 30 2023 10:51:33 GMT+0200 (Centraleuropæisk sommertid) with code 200
[2023-03-30T10:51:33.216] [INFO] default - Request received: GET /api/v1/persons at Thu Mar 30 2023 10:51:33 GMT+0200 (Centraleuropæisk sommertid) with code 200
[2023-03-30T10:51:33.368] [INFO] default - Request received: GET /api/v1/persons at Thu Mar 30 2023 10:51:33 GMT+0200 (Centraleuropæisk sommertid) with code 200
[2023-03-30T10:51:33.515] [INFO] default - Request received: GET /api/v1/persons at Thu Mar 30 2023 10:51:33 GMT+0200 (Centraleuropæisk sommertid) with code 200
[2023-03-30T10:51:33.652] [INFO] default - Request received: GET /api/v1/persons at Thu Mar 30 2023 10:51:33 GMT+0200 (Centraleuropæisk sommertid) with code 200
[2023-03-30T10:51:33.792] [INFO] default - Request received: GET /api/v1/persons at Thu Mar 30 2023 10:51:33 GMT+0200 (Centraleuropæisk sommertid) with code 200
[2023-03-30T10:51:33.952] [INFO] default - Request received: GET /api/v1/persons at Thu Mar 30 2023 10:51:33 GMT+0200 (Centraleuropæisk sommertid) with code 200
[2023-03-30T10:51:34.105] [INFO] default - Request received: GET /api/v1/persons at Thu Mar 30 2023 10:51:34 GMT+0200 (Centraleuropæisk sommertid) with code 200
[2023-03-30T10:51:34.247] [INFO] default - Request received: GET /api/v1/persons at Thu Mar 30 2023 10:51:34 GMT+0200 (Centraleuropæisk sommertid) with code 200
[2023-03-30T10:51:34.401] [INFO] default - Request received: GET /api/v1/persons at Thu Mar 30 2023 10:51:34 GMT+0200 (Centraleuropæisk sommertid) with code 200
[2023-03-30T10:51:34.546] [INFO] default - Request received: GET /api/v1/persons at Thu Mar 30 2023 10:51:34 GMT+0200 (Centraleuropæisk sommertid) with code 200
[2023-03-30T10:51:34.697] [INFO] default - Request received: GET /api/v1/persons at Thu Mar 30 2023 10:51:34 GMT+0200 (Centraleuropæisk sommertid) with code 200
[2023-03-30T11:15:51.486] [INFO] default - Request received: GET /grapgql/api/v1/persons at Thu Mar 30 2023 11:15:51 GMT+0200 (Centraleuropæisk sommertid) with code 200
[2023-03-30T11:16:01.029] [INFO] default - Request received: GET /graphql/api/v1/persons at Thu Mar 30 2023 11:16:01 GMT+0200 (Centraleuropæisk sommertid) with code 200
[2023-03-30T11:16:03.489] [INFO] default - Request received: OPTIONS /graphql/api/v1/persons at Thu Mar 30 2023 11:16:03 GMT+0200 (Centraleuropæisk sommertid) with code 200
[2023-03-30T11:16:03.505] [INFO] default - Request received: POST /graphql/api/v1/persons at Thu Mar 30 2023 11:16:03 GMT+0200 (Centraleuropæisk sommertid) with code 200
[2023-03-30T11:16:03.534] [INFO] default - Request received: POST /graphql/api/v1/persons at Thu Mar 30 2023 11:16:03 GMT+0200 (Centraleuropæisk sommertid) with code 200
[2023-03-30T11:16:04.536] [INFO] default - Request received: POST /graphql/api/v1/persons at Thu Mar 30 2023 11:16:04 GMT+0200 (Centraleuropæisk sommertid) with code 200
[2023-03-30T11:16:05.535] [INFO] default - Request received: POST /graphql/api/v1/persons at Thu Mar 30 2023 11:16:05 GMT+0200 (Centraleuropæisk sommertid) with code 200
[2023-03-30T11:16:32.281] [INFO] default - Request received: OPTIONS /graphql/api/v1/persons at Thu Mar 30 2023 11:16:32 GMT+0200 (Centraleuropæisk sommertid) with code 200
[2023-03-30T11:16:32.285] [INFO] default - Request received: POST /graphql/api/v1/persons at Thu Mar 30 2023 11:16:32 GMT+0200 (Centraleuropæisk sommertid) with code 200
[2023-03-30T11:16:32.333] [INFO] default - Request received: POST /graphql/api/v1/persons at Thu Mar 30 2023 11:16:32 GMT+0200 (Centraleuropæisk sommertid) with code 200
[2023-03-30T11:16:33.334] [INFO] default - Request received: POST /graphql/api/v1/persons at Thu Mar 30 2023 11:16:33 GMT+0200 (Centraleuropæisk sommertid) with code 200
[2023-03-30T11:16:34.334] [INFO] default - Request received: POST /graphql/api/v1/persons at Thu Mar 30 2023 11:16:34 GMT+0200 (Centraleuropæisk sommertid) with code 200
[2023-03-30T11:16:35.350] [INFO] default - Request received: POST /graphql/api/v1/persons at Thu Mar 30 2023 11:16:35 GMT+0200 (Centraleuropæisk sommertid) with code 200
[2023-03-30T11:16:36.334] [INFO] default - Request received: POST /graphql/api/v1/persons at Thu Mar 30 2023 11:16:36 GMT+0200 (Centraleuropæisk sommertid) with code 200
[2023-03-30T11:16:37.333] [INFO] default - Request received: OPTIONS /graphql/api/v1/persons at Thu Mar 30 2023 11:16:37 GMT+0200 (Centraleuropæisk sommertid) with code 200
[2023-03-30T11:16:37.335] [INFO] default - Request received: POST /graphql/api/v1/persons at Thu Mar 30 2023 11:16:37 GMT+0200 (Centraleuropæisk sommertid) with code 200
[2023-03-30T11:16:38.341] [INFO] default - Request received: POST /graphql/api/v1/persons at Thu Mar 30 2023 11:16:38 GMT+0200 (Centraleuropæisk sommertid) with code 200
[2023-03-30T11:16:39.335] [INFO] default - Request received: POST /graphql/api/v1/persons at Thu Mar 30 2023 11:16:39 GMT+0200 (Centraleuropæisk sommertid) with code 200
[2023-03-30T11:16:40.334] [INFO] default - Request received: POST /graphql/api/v1/persons at Thu Mar 30 2023 11:16:40 GMT+0200 (Centraleuropæisk sommertid) with code 200
[2023-03-30T11:16:42.599] [INFO] default - Request received: OPTIONS /graphql/api/v1/persons at Thu Mar 30 2023 11:16:42 GMT+0200 (Centraleuropæisk sommertid) with code 200
[2023-03-30T11:16:42.603] [INFO] default - Request received: POST /graphql/api/v1/persons at Thu Mar 30 2023 11:16:42 GMT+0200 (Centraleuropæisk sommertid) with code 200
[2023-03-30T11:16:43.595] [INFO] default - Request received: POST /graphql/api/v1/persons at Thu Mar 30 2023 11:16:43 GMT+0200 (Centraleuropæisk sommertid) with code 200
[2023-03-30T11:16:44.592] [INFO] default - Request received: POST /graphql/api/v1/persons at Thu Mar 30 2023 11:16:44 GMT+0200 (Centraleuropæisk sommertid) with code 200
[2023-03-30T11:26:54.842] [INFO] default - Request received: OPTIONS /graphql/api/v1/persons at Thu Mar 30 2023 11:26:54 GMT+0200 (Centraleuropæisk sommertid) with code 200
[2023-03-30T11:26:54.844] [INFO] default - Request received: POST /graphql/api/v1/persons at Thu Mar 30 2023 11:26:54 GMT+0200 (Centraleuropæisk sommertid) with code 200
[2023-03-30T11:26:55.841] [INFO] default - Request received: POST /graphql/api/v1/persons at Thu Mar 30 2023 11:26:55 GMT+0200 (Centraleuropæisk sommertid) with code 200
[2023-03-30T11:26:56.841] [INFO] default - Request received: POST /graphql/api/v1/persons at Thu Mar 30 2023 11:26:56 GMT+0200 (Centraleuropæisk sommertid) with code 200
[2023-03-30T11:26:57.836] [INFO] default - Request received: POST /graphql/api/v1/persons at Thu Mar 30 2023 11:26:57 GMT+0200 (Centraleuropæisk sommertid) with code 200
[2023-03-30T11:26:58.834] [INFO] default - Request received: POST /graphql/api/v1/persons at Thu Mar 30 2023 11:26:58 GMT+0200 (Centraleuropæisk sommertid) with code 200
[2023-03-30T11:56:47.262] [INFO] default - Request received: GET / at Thu Mar 30 2023 11:56:47 GMT+0200 (Centraleuropæisk sommertid) with code 200
[2023-03-30T11:56:58.627] [INFO] default - Request received: GET /api/v1/persons at Thu Mar 30 2023 11:56:58 GMT+0200 (Centraleuropæisk sommertid) with code 200
[2023-03-30T11:57:49.406] [INFO] default - Request received: GET /api/v1/persons at Thu Mar 30 2023 11:57:49 GMT+0200 (Centraleuropæisk sommertid) with code 200
[2023-03-30T11:58:22.535] [INFO] default - Request received: GET /api/v1/persons at Thu Mar 30 2023 11:58:22 GMT+0200 (Centraleuropæisk sommertid) with code 200
[2023-03-30T12:15:41.656] [INFO] default - Request received: GET /graphql at Thu Mar 30 2023 12:15:41 GMT+0200 (Centraleuropæisk sommertid) with code 200
[2023-03-30T12:15:41.732] [INFO] default - Request received: GET /favicon.ico at Thu Mar 30 2023 12:15:41 GMT+0200 (Centraleuropæisk sommertid) with code 200
[2023-03-30T12:15:42.051] [INFO] default - Request received: GET /graphql at Thu Mar 30 2023 12:15:42 GMT+0200 (Centraleuropæisk sommertid) with code 200
[2023-03-30T12:15:45.135] [INFO] default - Request received: OPTIONS /graphql at Thu Mar 30 2023 12:15:45 GMT+0200 (Centraleuropæisk sommertid) with code 200
[2023-03-30T12:15:45.186] [INFO] default - Request received: POST /graphql at Thu Mar 30 2023 12:15:45 GMT+0200 (Centraleuropæisk sommertid) with code 200
[2023-03-30T12:15:45.229] [INFO] default - Request received: POST /graphql at Thu Mar 30 2023 12:15:45 GMT+0200 (Centraleuropæisk sommertid) with code 200
[2023-03-30T12:15:46.238] [INFO] default - Request received: POST /graphql at Thu Mar 30 2023 12:15:46 GMT+0200 (Centraleuropæisk sommertid) with code 200
[2023-03-30T12:15:47.242] [INFO] default - Request received: POST /graphql at Thu Mar 30 2023 12:15:47 GMT+0200 (Centraleuropæisk sommertid) with code 200
[2023-03-30T13:09:36.704] [INFO] default - Request received: OPTIONS /graphql at Thu Mar 30 2023 13:09:36 GMT+0200 (Centraleuropæisk sommertid) with code 200
[2023-03-30T13:09:36.713] [INFO] default - Request received: POST /graphql at Thu Mar 30 2023 13:09:36 GMT+0200 (Centraleuropæisk sommertid) with code 200
[2023-03-30T13:09:37.710] [INFO] default - Request received: POST /graphql at Thu Mar 30 2023 13:09:37 GMT+0200 (Centraleuropæisk sommertid) with code 200
[2023-03-30T13:09:38.696] [INFO] default - Request received: POST /graphql at Thu Mar 30 2023 13:09:38 GMT+0200 (Centraleuropæisk sommertid) with code 200
[2023-03-30T13:37:04.241] [INFO] default - Request received: GET / at Thu Mar 30 2023 13:37:04 GMT+0200 (Centraleuropæisk sommertid) with code 200
[2023-03-30T13:37:10.175] [INFO] default - Request received: GET /graphql at Thu Mar 30 2023 13:37:10 GMT+0200 (Centraleuropæisk sommertid) with code 200
[2023-03-30T13:37:12.066] [INFO] default - Request received: OPTIONS /graphql at Thu Mar 30 2023 13:37:12 GMT+0200 (Centraleuropæisk sommertid) with code 200
[2023-03-30T13:37:12.083] [INFO] default - Request received: POST /graphql at Thu Mar 30 2023 13:37:12 GMT+0200 (Centraleuropæisk sommertid) with code 200
[2023-03-30T13:37:12.713] [INFO] default - Request received: POST /graphql at Thu Mar 30 2023 13:37:12 GMT+0200 (Centraleuropæisk sommertid) with code 200
[2023-03-30T13:37:13.717] [INFO] default - Request received: POST /graphql at Thu Mar 30 2023 13:37:13 GMT+0200 (Centraleuropæisk sommertid) with code 200
[2023-03-30T13:37:20.930] [INFO] default - Request received: GET /api/v1/persons at Thu Mar 30 2023 13:37:20 GMT+0200 (Centraleuropæisk sommertid) with code 200
[2023-03-30T13:37:50.442] [INFO] default - Request received: GET /api/v1/people at Thu Mar 30 2023 13:37:50 GMT+0200 (Centraleuropæisk sommertid) with code 200
[2023-03-30T13:38:08.360] [INFO] default - Request received: GET /api/v1/people at Thu Mar 30 2023 13:38:08 GMT+0200 (Centraleuropæisk sommertid) with code 200
[2023-03-30T13:51:18.169] [INFO] default - Request received: GET / at Thu Mar 30 2023 13:51:18 GMT+0200 (Centraleuropæisk sommertid) with code 200
[2023-03-30T13:51:25.426] [INFO] default - Request received: GET /api/v1/people at Thu Mar 30 2023 13:51:25 GMT+0200 (Centraleuropæisk sommertid) with code 200
[2023-03-30T13:52:07.930] [INFO] default - Request received: GET /api/v1/cars at Thu Mar 30 2023 13:52:07 GMT+0200 (Centraleuropæisk sommertid) with code 200
[2023-03-30T13:52:08.035] [INFO] default - Request received: GET /favicon.ico at Thu Mar 30 2023 13:52:08 GMT+0200 (Centraleuropæisk sommertid) with code 200
[2023-03-30T13:56:34.236] [INFO] default - Request received: GET /api/v1/cars at Thu Mar 30 2023 13:56:34 GMT+0200 (Centraleuropæisk sommertid) with code 200
[2023-03-30T13:56:41.602] [INFO] default - Request received: GET /api/v1/people at Thu Mar 30 2023 13:56:41 GMT+0200 (Centraleuropæisk sommertid) with code 200
[2023-03-30T13:57:08.513] [INFO] default - Request received: GET /api/v1/mechanics at Thu Mar 30 2023 13:57:08 GMT+0200 (Centraleuropæisk sommertid) with code 200
[2023-03-30T13:57:22.398] [INFO] default - Request received: GET /api/v1/mechanics at Thu Mar 30 2023 13:57:22 GMT+0200 (Centraleuropæisk sommertid) with code 200
[2023-03-30T13:57:29.151] [INFO] default - Request received: GET /api/v1/reviews at Thu Mar 30 2023 13:57:29 GMT+0200 (Centraleuropæisk sommertid) with code 200
[2023-04-17T20:44:00.184] [INFO] default - Request received: GET / at Mon Apr 17 2023 20:44:00 GMT+0200 (Central European Summer Time) with code 200
[2023-04-17T20:44:05.680] [INFO] default - Request received: GET /graphql at Mon Apr 17 2023 20:44:05 GMT+0200 (Central European Summer Time) with code 200
[2023-04-17T20:44:11.037] [INFO] default - Request received: OPTIONS /graphql at Mon Apr 17 2023 20:44:11 GMT+0200 (Central European Summer Time) with code 200
[2023-04-17T20:44:11.130] [INFO] default - Request received: POST /graphql at Mon Apr 17 2023 20:44:11 GMT+0200 (Central European Summer Time) with code 200
[2023-04-17T20:44:11.182] [INFO] default - Request received: POST /graphql at Mon Apr 17 2023 20:44:11 GMT+0200 (Central European Summer Time) with code 200
[2023-04-17T20:44:12.187] [INFO] default - Request received: POST /graphql at Mon Apr 17 2023 20:44:12 GMT+0200 (Central European Summer Time) with code 200
[2023-04-17T20:44:13.181] [INFO] default - Request received: POST /graphql at Mon Apr 17 2023 20:44:13 GMT+0200 (Central European Summer Time) with code 200
[2023-04-17T20:44:14.188] [INFO] default - Request received: POST /graphql at Mon Apr 17 2023 20:44:14 GMT+0200 (Central European Summer Time) with code 200
[2023-04-17T20:44:15.046] [INFO] default - Request received: POST /graphql at Mon Apr 17 2023 20:44:15 GMT+0200 (Central European Summer Time) with code 200
[2023-04-17T20:44:16.053] [INFO] default - Request received: OPTIONS /graphql at Mon Apr 17 2023 20:44:16 GMT+0200 (Central European Summer Time) with code 200
[2023-04-17T20:44:16.056] [INFO] default - Request received: POST /graphql at Mon Apr 17 2023 20:44:16 GMT+0200 (Central European Summer Time) with code 200
[2023-04-17T20:44:16.178] [INFO] default - Request received: POST /graphql at Mon Apr 17 2023 20:44:16 GMT+0200 (Central European Summer Time) with code 200
[2023-04-17T20:44:17.180] [INFO] default - Request received: POST /graphql at Mon Apr 17 2023 20:44:17 GMT+0200 (Central European Summer Time) with code 200
[2023-04-17T20:44:17.977] [INFO] default - Request received: POST /graphql at Mon Apr 17 2023 20:44:17 GMT+0200 (Central European Summer Time) with code 200
[2023-04-17T20:44:18.187] [INFO] default - Request received: POST /graphql at Mon Apr 17 2023 20:44:18 GMT+0200 (Central European Summer Time) with code 200
[2023-04-17T20:44:19.179] [INFO] default - Request received: POST /graphql at Mon Apr 17 2023 20:44:19 GMT+0200 (Central European Summer Time) with code 200
[2023-04-17T20:44:20.180] [INFO] default - Request received: POST /graphql at Mon Apr 17 2023 20:44:20 GMT+0200 (Central European Summer Time) with code 200
[2023-04-17T20:44:21.179] [INFO] default - Request received: OPTIONS /graphql at Mon Apr 17 2023 20:44:21 GMT+0200 (Central European Summer Time) with code 200
[2023-04-17T20:44:21.182] [INFO] default - Request received: POST /graphql at Mon Apr 17 2023 20:44:21 GMT+0200 (Central European Summer Time) with code 200
[2023-04-21T23:32:33.873] [INFO] default - Request received: GET / at Fri Apr 21 2023 23:32:33 GMT+0200 (Central European Summer Time) with code 200
[2023-04-21T23:32:40.210] [INFO] default - Request received: GET /graphql at Fri Apr 21 2023 23:32:40 GMT+0200 (Central European Summer Time) with code 200
[2023-04-21T23:32:45.550] [INFO] default - Request received: OPTIONS /graphql at Fri Apr 21 2023 23:32:45 GMT+0200 (Central European Summer Time) with code 200
[2023-04-21T23:32:45.628] [INFO] default - Request received: POST /graphql at Fri Apr 21 2023 23:32:45 GMT+0200 (Central European Summer Time) with code 200
[2023-04-21T23:32:46.314] [INFO] default - Request received: POST /graphql at Fri Apr 21 2023 23:32:46 GMT+0200 (Central European Summer Time) with code 200
[2023-04-21T23:32:47.316] [INFO] default - Request received: POST /graphql at Fri Apr 21 2023 23:32:47 GMT+0200 (Central European Summer Time) with code 200
[2023-04-21T23:32:48.322] [INFO] default - Request received: POST /graphql at Fri Apr 21 2023 23:32:48 GMT+0200 (Central European Summer Time) with code 200
[2023-04-21T23:32:49.316] [INFO] default - Request received: POST /graphql at Fri Apr 21 2023 23:32:49 GMT+0200 (Central European Summer Time) with code 200
[2023-04-21T23:32:50.323] [INFO] default - Request received: POST /graphql at Fri Apr 21 2023 23:32:50 GMT+0200 (Central European Summer Time) with code 200
[2023-04-21T23:32:51.330] [INFO] default - Request received: OPTIONS /graphql at Fri Apr 21 2023 23:32:51 GMT+0200 (Central European Summer Time) with code 200
[2023-04-21T23:32:51.337] [INFO] default - Request received: POST /graphql at Fri Apr 21 2023 23:32:51 GMT+0200 (Central European Summer Time) with code 200
[2023-04-21T23:32:52.326] [INFO] default - Request received: POST /graphql at Fri Apr 21 2023 23:32:52 GMT+0200 (Central European Summer Time) with code 200
[2023-04-21T23:32:53.322] [INFO] default - Request received: POST /graphql at Fri Apr 21 2023 23:32:53 GMT+0200 (Central European Summer Time) with code 200
[2023-04-21T23:32:54.391] [INFO] default - Request received: POST /graphql at Fri Apr 21 2023 23:32:54 GMT+0200 (Central European Summer Time) with code 200
[2023-04-21T23:32:55.316] [INFO] default - Request received: POST /graphql at Fri Apr 21 2023 23:32:55 GMT+0200 (Central European Summer Time) with code 200
[2023-04-21T23:32:56.315] [INFO] default - Request received: POST /graphql at Fri Apr 21 2023 23:32:56 GMT+0200 (Central European Summer Time) with code 200
[2023-04-21T23:32:57.319] [INFO] default - Request received: OPTIONS /graphql at Fri Apr 21 2023 23:32:57 GMT+0200 (Central European Summer Time) with code 200
[2023-04-21T23:32:57.321] [INFO] default - Request received: POST /graphql at Fri Apr 21 2023 23:32:57 GMT+0200 (Central European Summer Time) with code 200
[2023-04-21T23:32:58.315] [INFO] default - Request received: POST /graphql at Fri Apr 21 2023 23:32:58 GMT+0200 (Central European Summer Time) with code 200
[2023-04-21T23:32:59.326] [INFO] default - Request received: POST /graphql at Fri Apr 21 2023 23:32:59 GMT+0200 (Central European Summer Time) with code 200
[2023-04-21T23:33:00.321] [INFO] default - Request received: POST /graphql at Fri Apr 21 2023 23:33:00 GMT+0200 (Central European Summer Time) with code 200
[2023-04-21T23:33:01.315] [INFO] default - Request received: POST /graphql at Fri Apr 21 2023 23:33:01 GMT+0200 (Central European Summer Time) with code 200
[2023-04-21T23:33:02.318] [INFO] default - Request received: POST /graphql at Fri Apr 21 2023 23:33:02 GMT+0200 (Central European Summer Time) with code 200
[2023-04-21T23:36:53.558] [INFO] default - Request received: OPTIONS /graphql at Fri Apr 21 2023 23:36:53 GMT+0200 (Central European Summer Time) with code 200
[2023-04-21T23:36:53.575] [INFO] default - Request received: POST /graphql at Fri Apr 21 2023 23:36:53 GMT+0200 (Central European Summer Time) with code 200
