[2023-03-22T09:03:38.921] [INFO] default - Request received: GET /api/v1/person at Wed Mar 22 2023 09:03:38 GMT+0100 (Centraleuropæisk normaltid) with code 200
[2023-03-22T09:04:20.080] [INFO] default - Request received: POST /api/v1/person at Wed Mar 22 2023 09:04:20 GMT+0100 (Centraleuropæisk normaltid) with code 200
[2023-03-22T09:04:53.513] [INFO] default - Request received: POST /api/v1/person at Wed Mar 22 2023 09:04:53 GMT+0100 (Centraleuropæisk normaltid) with code 200
[2023-03-22T09:05:01.654] [INFO] default - Request received: GET /api/v1/person at Wed Mar 22 2023 09:05:01 GMT+0100 (Centraleuropæisk normaltid) with code 200
[2023-03-22T09:07:17.016] [INFO] default - Request received: GET /api/v1/person?age[$gt]=23 at Wed Mar 22 2023 09:07:17 GMT+0100 (Centraleuropæisk normaltid) with code 200
[2023-03-22T09:07:50.990] [INFO] default - Request received: GET /api/v1/person?age[$gt]=23&name=Zack at Wed Mar 22 2023 09:07:50 GMT+0100 (Centraleuropæisk normaltid) with code 200
[2023-03-22T09:12:28.889] [INFO] default - Request received: GET /api/v1/person at Wed Mar 22 2023 09:12:28 GMT+0100 (Centraleuropæisk normaltid) with code 200
[2023-03-22T09:13:58.485] [INFO] default - Request received: GET /api/v1/person?age[$gt]=23 at Wed Mar 22 2023 09:13:58 GMT+0100 (Centraleuropæisk normaltid) with code 200
[2023-03-22T09:34:04.245] [INFO] default - Request received: POST /api/v1/mechanic at Wed Mar 22 2023 09:34:04 GMT+0100 (Centraleuropæisk normaltid) with code 200
[2023-03-22T09:34:16.254] [INFO] default - Request received: POST /api/v1/mechanic at Wed Mar 22 2023 09:34:16 GMT+0100 (Centraleuropæisk normaltid) with code 200
[2023-03-22T09:34:28.540] [INFO] default - Request received: GET /api/v1/mechanic at Wed Mar 22 2023 09:34:28 GMT+0100 (Centraleuropæisk normaltid) with code 200
[2023-03-22T10:55:08.483] [INFO] default - Request received: GET /api/v1/reviews at Wed Mar 22 2023 10:55:08 GMT+0100 (Centraleuropæisk normaltid) with code 200
[2023-03-22T10:55:38.624] [INFO] default - Request received: POST /api/v1/reviews at Wed Mar 22 2023 10:55:38 GMT+0100 (Centraleuropæisk normaltid) with code 200
[2023-03-22T10:57:48.290] [INFO] default - Request received: POST /api/v1/cars at Wed Mar 22 2023 10:57:48 GMT+0100 (Centraleuropæisk normaltid) with code 200
[2023-03-22T10:58:18.067] [INFO] default - Request received: GET /api/v1/cars at Wed Mar 22 2023 10:58:18 GMT+0100 (Centraleuropæisk normaltid) with code 200
[2023-03-22T11:07:55.686] [INFO] default - Request received: POST /api/v1/mechanic at Wed Mar 22 2023 11:07:55 GMT+0100 (Centraleuropæisk normaltid) with code 200
[2023-03-22T11:08:16.553] [INFO] default - Request received: GET /api/v1/mechanic at Wed Mar 22 2023 11:08:16 GMT+0100 (Centraleuropæisk normaltid) with code 200
[2023-03-22T11:09:51.189] [INFO] default - Request received: GET /api/v1/mechanic at Wed Mar 22 2023 11:09:51 GMT+0100 (Centraleuropæisk normaltid) with code 200
[2023-03-22T11:10:23.784] [INFO] default - Request received: GET /api/v1/mechanic at Wed Mar 22 2023 11:10:23 GMT+0100 (Centraleuropæisk normaltid) with code 200
[2023-03-22T11:12:30.853] [INFO] default - Request received: GET /api/v1/mechanic/641ad37ba1b27d083f495ec8 at Wed Mar 22 2023 11:12:30 GMT+0100 (Centraleuropæisk normaltid) with code 200
[2023-03-22T11:20:15.365] [INFO] default - Request received: DELETE /api/v1/mechanic/641ad37ba1b27d083f495ec8 at Wed Mar 22 2023 11:20:15 GMT+0100 (Centraleuropæisk normaltid) with code 200
[2023-03-22T11:20:31.715] [INFO] default - Request received: POST /api/v1/mechanic/641ad37ba1b27d083f495ec8 at Wed Mar 22 2023 11:20:31 GMT+0100 (Centraleuropæisk normaltid) with code 200
[2023-03-22T11:20:38.177] [INFO] default - Request received: POST /api/v1/mechanic at Wed Mar 22 2023 11:20:38 GMT+0100 (Centraleuropæisk normaltid) with code 200
[2023-03-22T11:22:12.319] [INFO] default - Request received: DELETE /api/v1/mechanic/641ad6769b2bd8645c2c60d1 at Wed Mar 22 2023 11:22:12 GMT+0100 (Centraleuropæisk normaltid) with code 200
[2023-03-22T11:22:38.959] [INFO] default - Request received: POST /api/v1/mechanic at Wed Mar 22 2023 11:22:38 GMT+0100 (Centraleuropæisk normaltid) with code 200
